The system is: Linux - 3.5.0 - armv7l
Compiling the C compiler identification source file "CMakeCCompilerId.c" succeeded.
Compiler: /usr/bin/gcc -march=armv7-a;-mcpu=cortex-a8;-mfpu=neon;-Wl,-O1;-Wl,--hash-style=gnu;-Wl,--as-needed
Build flags: 
Id flags: 

The output was:
0


Compilation of the C compiler identification source "CMakeCCompilerId.c" produced "a.out"

The C compiler identification is GNU, found in "/home/root/ros/sonar/build/CMakeFiles/CompilerIdC/a.out"

Compiling the CXX compiler identification source file "CMakeCXXCompilerId.cpp" succeeded.
Compiler: /usr/bin/g++ -march=armv7-a;-mcpu=cortex-a8;-mfpu=neon;-Wl,-O1;-Wl,--hash-style=gnu;-Wl,--as-needed
Build flags: 
Id flags: 

The output was:
0


Compilation of the CXX compiler identification source "CMakeCXXCompilerId.cpp" produced "a.out"

The CXX compiler identification is GNU, found in "/home/root/ros/sonar/build/CMakeFiles/CompilerIdCXX/a.out"

Determining if the C compiler works passed with the following output:
Change Dir: /home/root/ros/sonar/build/CMakeFiles/CMakeTmp

Run Build Command:/usr/bin/make "cmTryCompileExec4221045255/fast"
make[1]: Entering directory `/home/root/ros/sonar/build/CMakeFiles/CMakeTmp'
/usr/bin/make -f CMakeFiles/cmTryCompileExec4221045255.dir/build.make CMakeFiles/cmTryCompileExec4221045255.dir/build
make[2]: Entering directory `/home/root/ros/sonar/build/CMakeFiles/CMakeTmp'
/usr/bin/cmake -E cmake_progress_report /home/root/ros/sonar/build/CMakeFiles/CMakeTmp/CMakeFiles 1
Building C object CMakeFiles/cmTryCompileExec4221045255.dir/testCCompiler.c.o
/usr/bin/gcc  -march=armv7-a -mcpu=cortex-a8 -mfpu=neon -Wl,-O1 -Wl,--hash-style=gnu -Wl,--as-needed   -o CMakeFiles/cmTryCompileExec4221045255.dir/testCCompiler.c.o   -c /home/root/ros/sonar/build/CMakeFiles/CMakeTmp/testCCompiler.c
Linking C executable cmTryCompileExec4221045255
/usr/bin/cmake -E cmake_link_script CMakeFiles/cmTryCompileExec4221045255.dir/link.txt --verbose=1
/usr/bin/gcc  -march=armv7-a -mcpu=cortex-a8 -mfpu=neon -Wl,-O1 -Wl,--hash-style=gnu -Wl,--as-needed        CMakeFiles/cmTryCompileExec4221045255.dir/testCCompiler.c.o  -o cmTryCompileExec4221045255 -rdynamic 
make[2]: Leaving directory `/home/root/ros/sonar/build/CMakeFiles/CMakeTmp'
make[1]: Leaving directory `/home/root/ros/sonar/build/CMakeFiles/CMakeTmp'


Detecting C compiler ABI info compiled with the following output:
Change Dir: /home/root/ros/sonar/build/CMakeFiles/CMakeTmp

Run Build Command:/usr/bin/make "cmTryCompileExec2529667900/fast"
make[1]: Entering directory `/home/root/ros/sonar/build/CMakeFiles/CMakeTmp'
/usr/bin/make -f CMakeFiles/cmTryCompileExec2529667900.dir/build.make CMakeFiles/cmTryCompileExec2529667900.dir/build
make[2]: Entering directory `/home/root/ros/sonar/build/CMakeFiles/CMakeTmp'
/usr/bin/cmake -E cmake_progress_report /home/root/ros/sonar/build/CMakeFiles/CMakeTmp/CMakeFiles 1
Building C object CMakeFiles/cmTryCompileExec2529667900.dir/CMakeCCompilerABI.c.o
/usr/bin/gcc  -march=armv7-a -mcpu=cortex-a8 -mfpu=neon -Wl,-O1 -Wl,--hash-style=gnu -Wl,--as-needed   -o CMakeFiles/cmTryCompileExec2529667900.dir/CMakeCCompilerABI.c.o   -c /usr/share/cmake-2.8/Modules/CMakeCCompilerABI.c
Linking C executable cmTryCompileExec2529667900
/usr/bin/cmake -E cmake_link_script CMakeFiles/cmTryCompileExec2529667900.dir/link.txt --verbose=1
/usr/bin/gcc  -march=armv7-a -mcpu=cortex-a8 -mfpu=neon -Wl,-O1 -Wl,--hash-style=gnu -Wl,--as-needed      -v CMakeFiles/cmTryCompileExec2529667900.dir/CMakeCCompilerABI.c.o  -o cmTryCompileExec2529667900 -rdynamic  
Using built-in specs.
COLLECT_GCC=/usr/bin/gcc
COLLECT_LTO_WRAPPER=/usr/libexec/gcc/arm-poky-linux-gnueabi/4.7.2/lto-wrapper
Target: arm-poky-linux-gnueabi
Configured with: /home/kartikmohta/poky/build/tmp/work-shared/gcc-4.7.2-r13/gcc-4.7.2/configure --build=x86_64-linux --host=arm-poky-linux-gnueabi --target=arm-poky-linux-gnueabi --prefix=/usr --exec_prefix=/usr --bindir=/usr/bin --sbindir=/usr/sbin --libexecdir=/usr/libexec --datadir=/usr/share --sysconfdir=/etc --sharedstatedir=/com --localstatedir=/var --libdir=/usr/lib --includedir=/usr/include --oldincludedir=/usr/include --infodir=/usr/share/info --mandir=/usr/share/man --disable-silent-rules --disable-dependency-tracking --with-libtool-sysroot=/home/kartikmohta/poky/build/tmp/sysroots/omap3-multi --with-gnu-ld --enable-shared --enable-languages=c,c++,fortran --enable-threads=posix --disable-multilib --enable-c99 --enable-long-long --enable-symvers=gnu --enable-libstdcxx-pch --program-prefix=arm-poky-linux-gnueabi- --without-local-prefix --enable-target-optspace --enable-lto --enable-libssp --disable-bootstrap --disable-libgomp --disable-libmudflap --with-system-zlib --with-linker-hash-style=gnu --with-ppl=no --with-cloog=no --enable-checking=release --enable-cheaders=c_global --with-sysroot=/ --with-build-sysroot=/home/kartikmohta/poky/build/tmp/sysroots/omap3-multi --with-native-system-header-dir=/home/kartikmohta/poky/build/tmp/sysroots/omap3-multi/usr/include --with-gxx-include-dir=/usr/include/c++/ --enable-nls
Thread model: posix
gcc version 4.7.2 (GCC) 
COMPILER_PATH=/usr/libexec/gcc/arm-poky-linux-gnueabi/4.7.2/:/usr/libexec/gcc/arm-poky-linux-gnueabi/4.7.2/:/usr/libexec/gcc/arm-poky-linux-gnueabi/:/usr/lib/gcc/arm-poky-linux-gnueabi/4.7.2/:/usr/lib/gcc/arm-poky-linux-gnueabi/:/usr/lib/gcc/arm-poky-linux-gnueabi/4.7.2/../../../../arm-poky-linux-gnueabi/bin/
LIBRARY_PATH=/usr/lib/gcc/arm-poky-linux-gnueabi/4.7.2/:/usr/lib/gcc/arm-poky-linux-gnueabi/4.7.2/../../../arm-poky-linux-gnueabi/4.7.2/:/usr/lib/gcc/arm-poky-linux-gnueabi/4.7.2/../../../:/lib/:/usr/lib/arm-poky-linux-gnueabi/4.7.2/:/usr/lib/
COLLECT_GCC_OPTIONS='-march=armv7-a' '-mcpu=cortex-a8' '-mfpu=neon' '-v' '-o' 'cmTryCompileExec2529667900' '-rdynamic' '-mtls-dialect=gnu'
 /usr/libexec/gcc/arm-poky-linux-gnueabi/4.7.2/collect2 --sysroot=/ --eh-frame-hdr --hash-style=gnu -export-dynamic -dynamic-linker /lib/ld-linux.so.3 -X -m armelf_linux_eabi -o cmTryCompileExec2529667900 /usr/lib/gcc/arm-poky-linux-gnueabi/4.7.2/../../../crt1.o /usr/lib/gcc/arm-poky-linux-gnueabi/4.7.2/../../../crti.o /usr/lib/gcc/arm-poky-linux-gnueabi/4.7.2/../../../arm-poky-linux-gnueabi/4.7.2/crtbegin.o -L/usr/lib/gcc/arm-poky-linux-gnueabi/4.7.2 -L/usr/lib/gcc/arm-poky-linux-gnueabi/4.7.2/../../../arm-poky-linux-gnueabi/4.7.2 -L/usr/lib/gcc/arm-poky-linux-gnueabi/4.7.2/../../.. -L/usr/lib/arm-poky-linux-gnueabi/4.7.2 -O1 --hash-style=gnu --as-needed CMakeFiles/cmTryCompileExec2529667900.dir/CMakeCCompilerABI.c.o -lgcc --as-needed -lgcc_s --no-as-needed -lc -lgcc --as-needed -lgcc_s --no-as-needed /usr/lib/gcc/arm-poky-linux-gnueabi/4.7.2/../../../arm-poky-linux-gnueabi/4.7.2/crtend.o /usr/lib/gcc/arm-poky-linux-gnueabi/4.7.2/../../../crtn.o
make[2]: Leaving directory `/home/root/ros/sonar/build/CMakeFiles/CMakeTmp'
make[1]: Leaving directory `/home/root/ros/sonar/build/CMakeFiles/CMakeTmp'


Parsed C implicit link information from above output:
  link line regex: [^( *|.*[/\])(ld|ld|collect2)[^/\]*( |$)]
  ignore line: [Change Dir: /home/root/ros/sonar/build/CMakeFiles/CMakeTmp]
  ignore line: []
  ignore line: [Run Build Command:/usr/bin/make "cmTryCompileExec2529667900/fast"]
  ignore line: [make[1]: Entering directory `/home/root/ros/sonar/build/CMakeFiles/CMakeTmp']
  ignore line: [/usr/bin/make -f CMakeFiles/cmTryCompileExec2529667900.dir/build.make CMakeFiles/cmTryCompileExec2529667900.dir/build]
  ignore line: [make[2]: Entering directory `/home/root/ros/sonar/build/CMakeFiles/CMakeTmp']
  ignore line: [/usr/bin/cmake -E cmake_progress_report /home/root/ros/sonar/build/CMakeFiles/CMakeTmp/CMakeFiles 1]
  ignore line: [Building C object CMakeFiles/cmTryCompileExec2529667900.dir/CMakeCCompilerABI.c.o]
  ignore line: [/usr/bin/gcc  -march=armv7-a -mcpu=cortex-a8 -mfpu=neon -Wl,-O1 -Wl,--hash-style=gnu -Wl,--as-needed   -o CMakeFiles/cmTryCompileExec2529667900.dir/CMakeCCompilerABI.c.o   -c /usr/share/cmake-2.8/Modules/CMakeCCompilerABI.c]
  ignore line: [Linking C executable cmTryCompileExec2529667900]
  ignore line: [/usr/bin/cmake -E cmake_link_script CMakeFiles/cmTryCompileExec2529667900.dir/link.txt --verbose=1]
  ignore line: [/usr/bin/gcc  -march=armv7-a -mcpu=cortex-a8 -mfpu=neon -Wl,-O1 -Wl,--hash-style=gnu -Wl,--as-needed      -v CMakeFiles/cmTryCompileExec2529667900.dir/CMakeCCompilerABI.c.o  -o cmTryCompileExec2529667900 -rdynamic  ]
  ignore line: [Using built-in specs.]
  ignore line: [COLLECT_GCC=/usr/bin/gcc]
  ignore line: [COLLECT_LTO_WRAPPER=/usr/libexec/gcc/arm-poky-linux-gnueabi/4.7.2/lto-wrapper]
  ignore line: [Target: arm-poky-linux-gnueabi]
  ignore line: [Configured with: /home/kartikmohta/poky/build/tmp/work-shared/gcc-4.7.2-r13/gcc-4.7.2/configure --build=x86_64-linux --host=arm-poky-linux-gnueabi --target=arm-poky-linux-gnueabi --prefix=/usr --exec_prefix=/usr --bindir=/usr/bin --sbindir=/usr/sbin --libexecdir=/usr/libexec --datadir=/usr/share --sysconfdir=/etc --sharedstatedir=/com --localstatedir=/var --libdir=/usr/lib --includedir=/usr/include --oldincludedir=/usr/include --infodir=/usr/share/info --mandir=/usr/share/man --disable-silent-rules --disable-dependency-tracking --with-libtool-sysroot=/home/kartikmohta/poky/build/tmp/sysroots/omap3-multi --with-gnu-ld --enable-shared --enable-languages=c,c++,fortran --enable-threads=posix --disable-multilib --enable-c99 --enable-long-long --enable-symvers=gnu --enable-libstdcxx-pch --program-prefix=arm-poky-linux-gnueabi- --without-local-prefix --enable-target-optspace --enable-lto --enable-libssp --disable-bootstrap --disable-libgomp --disable-libmudflap --with-system-zlib --with-linker-hash-style=gnu --with-ppl=no --with-cloog=no --enable-checking=release --enable-cheaders=c_global --with-sysroot=/ --with-build-sysroot=/home/kartikmohta/poky/build/tmp/sysroots/omap3-multi --with-native-system-header-dir=/home/kartikmohta/poky/build/tmp/sysroots/omap3-multi/usr/include --with-gxx-include-dir=/usr/include/c++/ --enable-nls]
  ignore line: [Thread model: posix]
  ignore line: [gcc version 4.7.2 (GCC) ]
  ignore line: [COMPILER_PATH=/usr/libexec/gcc/arm-poky-linux-gnueabi/4.7.2/:/usr/libexec/gcc/arm-poky-linux-gnueabi/4.7.2/:/usr/libexec/gcc/arm-poky-linux-gnueabi/:/usr/lib/gcc/arm-poky-linux-gnueabi/4.7.2/:/usr/lib/gcc/arm-poky-linux-gnueabi/:/usr/lib/gcc/arm-poky-linux-gnueabi/4.7.2/../../../../arm-poky-linux-gnueabi/bin/]
  ignore line: [LIBRARY_PATH=/usr/lib/gcc/arm-poky-linux-gnueabi/4.7.2/:/usr/lib/gcc/arm-poky-linux-gnueabi/4.7.2/../../../arm-poky-linux-gnueabi/4.7.2/:/usr/lib/gcc/arm-poky-linux-gnueabi/4.7.2/../../../:/lib/:/usr/lib/arm-poky-linux-gnueabi/4.7.2/:/usr/lib/]
  ignore line: [COLLECT_GCC_OPTIONS='-march=armv7-a' '-mcpu=cortex-a8' '-mfpu=neon' '-v' '-o' 'cmTryCompileExec2529667900' '-rdynamic' '-mtls-dialect=gnu']
  link line: [ /usr/libexec/gcc/arm-poky-linux-gnueabi/4.7.2/collect2 --sysroot=/ --eh-frame-hdr --hash-style=gnu -export-dynamic -dynamic-linker /lib/ld-linux.so.3 -X -m armelf_linux_eabi -o cmTryCompileExec2529667900 /usr/lib/gcc/arm-poky-linux-gnueabi/4.7.2/../../../crt1.o /usr/lib/gcc/arm-poky-linux-gnueabi/4.7.2/../../../crti.o /usr/lib/gcc/arm-poky-linux-gnueabi/4.7.2/../../../arm-poky-linux-gnueabi/4.7.2/crtbegin.o -L/usr/lib/gcc/arm-poky-linux-gnueabi/4.7.2 -L/usr/lib/gcc/arm-poky-linux-gnueabi/4.7.2/../../../arm-poky-linux-gnueabi/4.7.2 -L/usr/lib/gcc/arm-poky-linux-gnueabi/4.7.2/../../.. -L/usr/lib/arm-poky-linux-gnueabi/4.7.2 -O1 --hash-style=gnu --as-needed CMakeFiles/cmTryCompileExec2529667900.dir/CMakeCCompilerABI.c.o -lgcc --as-needed -lgcc_s --no-as-needed -lc -lgcc --as-needed -lgcc_s --no-as-needed /usr/lib/gcc/arm-poky-linux-gnueabi/4.7.2/../../../arm-poky-linux-gnueabi/4.7.2/crtend.o /usr/lib/gcc/arm-poky-linux-gnueabi/4.7.2/../../../crtn.o]
    arg [/usr/libexec/gcc/arm-poky-linux-gnueabi/4.7.2/collect2] ==> ignore
    arg [--sysroot=/] ==> ignore
    arg [--eh-frame-hdr] ==> ignore
    arg [--hash-style=gnu] ==> ignore
    arg [-export-dynamic] ==> ignore
    arg [-dynamic-linker] ==> ignore
    arg [/lib/ld-linux.so.3] ==> ignore
    arg [-X] ==> ignore
    arg [-m] ==> ignore
    arg [armelf_linux_eabi] ==> ignore
    arg [-o] ==> ignore
    arg [cmTryCompileExec2529667900] ==> ignore
    arg [/usr/lib/gcc/arm-poky-linux-gnueabi/4.7.2/../../../crt1.o] ==> ignore
    arg [/usr/lib/gcc/arm-poky-linux-gnueabi/4.7.2/../../../crti.o] ==> ignore
    arg [/usr/lib/gcc/arm-poky-linux-gnueabi/4.7.2/../../../arm-poky-linux-gnueabi/4.7.2/crtbegin.o] ==> ignore
    arg [-L/usr/lib/gcc/arm-poky-linux-gnueabi/4.7.2] ==> dir [/usr/lib/gcc/arm-poky-linux-gnueabi/4.7.2]
    arg [-L/usr/lib/gcc/arm-poky-linux-gnueabi/4.7.2/../../../arm-poky-linux-gnueabi/4.7.2] ==> dir [/usr/lib/gcc/arm-poky-linux-gnueabi/4.7.2/../../../arm-poky-linux-gnueabi/4.7.2]
    arg [-L/usr/lib/gcc/arm-poky-linux-gnueabi/4.7.2/../../..] ==> dir [/usr/lib/gcc/arm-poky-linux-gnueabi/4.7.2/../../..]
    arg [-L/usr/lib/arm-poky-linux-gnueabi/4.7.2] ==> dir [/usr/lib/arm-poky-linux-gnueabi/4.7.2]
    arg [-O1] ==> ignore
    arg [--hash-style=gnu] ==> ignore
    arg [--as-needed] ==> ignore
    arg [CMakeFiles/cmTryCompileExec2529667900.dir/CMakeCCompilerABI.c.o] ==> ignore
    arg [-lgcc] ==> lib [gcc]
    arg [--as-needed] ==> ignore
    arg [-lgcc_s] ==> lib [gcc_s]
    arg [--no-as-needed] ==> ignore
    arg [-lc] ==> lib [c]
    arg [-lgcc] ==> lib [gcc]
    arg [--as-needed] ==> ignore
    arg [-lgcc_s] ==> lib [gcc_s]
    arg [--no-as-needed] ==> ignore
    arg [/usr/lib/gcc/arm-poky-linux-gnueabi/4.7.2/../../../arm-poky-linux-gnueabi/4.7.2/crtend.o] ==> ignore
    arg [/usr/lib/gcc/arm-poky-linux-gnueabi/4.7.2/../../../crtn.o] ==> ignore
  remove lib [gcc]
  remove lib [gcc_s]
  remove lib [gcc]
  remove lib [gcc_s]
  collapse dir [/usr/lib/gcc/arm-poky-linux-gnueabi/4.7.2] ==> [/usr/lib/gcc/arm-poky-linux-gnueabi/4.7.2]
  collapse dir [/usr/lib/gcc/arm-poky-linux-gnueabi/4.7.2/../../../arm-poky-linux-gnueabi/4.7.2] ==> [/usr/lib/arm-poky-linux-gnueabi/4.7.2]
  collapse dir [/usr/lib/gcc/arm-poky-linux-gnueabi/4.7.2/../../..] ==> [/usr/lib]
  collapse dir [/usr/lib/arm-poky-linux-gnueabi/4.7.2] ==> [/usr/lib/arm-poky-linux-gnueabi/4.7.2]
  implicit libs: [c]
  implicit dirs: [/usr/lib/gcc/arm-poky-linux-gnueabi/4.7.2;/usr/lib/arm-poky-linux-gnueabi/4.7.2;/usr/lib]


Determining if the CXX compiler works passed with the following output:
Change Dir: /home/root/ros/sonar/build/CMakeFiles/CMakeTmp

Run Build Command:/usr/bin/make "cmTryCompileExec2107389628/fast"
make[1]: Entering directory `/home/root/ros/sonar/build/CMakeFiles/CMakeTmp'
/usr/bin/make -f CMakeFiles/cmTryCompileExec2107389628.dir/build.make CMakeFiles/cmTryCompileExec2107389628.dir/build
make[2]: Entering directory `/home/root/ros/sonar/build/CMakeFiles/CMakeTmp'
/usr/bin/cmake -E cmake_progress_report /home/root/ros/sonar/build/CMakeFiles/CMakeTmp/CMakeFiles 1
Building CXX object CMakeFiles/cmTryCompileExec2107389628.dir/testCXXCompiler.cxx.o
/usr/bin/g++  -march=armv7-a -mcpu=cortex-a8 -mfpu=neon -Wl,-O1 -Wl,--hash-style=gnu -Wl,--as-needed    -o CMakeFiles/cmTryCompileExec2107389628.dir/testCXXCompiler.cxx.o -c /home/root/ros/sonar/build/CMakeFiles/CMakeTmp/testCXXCompiler.cxx
Linking CXX executable cmTryCompileExec2107389628
/usr/bin/cmake -E cmake_link_script CMakeFiles/cmTryCompileExec2107389628.dir/link.txt --verbose=1
/usr/bin/g++  -march=armv7-a -mcpu=cortex-a8 -mfpu=neon -Wl,-O1 -Wl,--hash-style=gnu -Wl,--as-needed         CMakeFiles/cmTryCompileExec2107389628.dir/testCXXCompiler.cxx.o  -o cmTryCompileExec2107389628 -rdynamic 
make[2]: Leaving directory `/home/root/ros/sonar/build/CMakeFiles/CMakeTmp'
make[1]: Leaving directory `/home/root/ros/sonar/build/CMakeFiles/CMakeTmp'


Detecting CXX compiler ABI info compiled with the following output:
Change Dir: /home/root/ros/sonar/build/CMakeFiles/CMakeTmp

Run Build Command:/usr/bin/make "cmTryCompileExec2540778894/fast"
make[1]: Entering directory `/home/root/ros/sonar/build/CMakeFiles/CMakeTmp'
/usr/bin/make -f CMakeFiles/cmTryCompileExec2540778894.dir/build.make CMakeFiles/cmTryCompileExec2540778894.dir/build
make[2]: Entering directory `/home/root/ros/sonar/build/CMakeFiles/CMakeTmp'
/usr/bin/cmake -E cmake_progress_report /home/root/ros/sonar/build/CMakeFiles/CMakeTmp/CMakeFiles 1
Building CXX object CMakeFiles/cmTryCompileExec2540778894.dir/CMakeCXXCompilerABI.cpp.o
/usr/bin/g++  -march=armv7-a -mcpu=cortex-a8 -mfpu=neon -Wl,-O1 -Wl,--hash-style=gnu -Wl,--as-needed    -o CMakeFiles/cmTryCompileExec2540778894.dir/CMakeCXXCompilerABI.cpp.o -c /usr/share/cmake-2.8/Modules/CMakeCXXCompilerABI.cpp
Linking CXX executable cmTryCompileExec2540778894
/usr/bin/cmake -E cmake_link_script CMakeFiles/cmTryCompileExec2540778894.dir/link.txt --verbose=1
/usr/bin/g++  -march=armv7-a -mcpu=cortex-a8 -mfpu=neon -Wl,-O1 -Wl,--hash-style=gnu -Wl,--as-needed       -v CMakeFiles/cmTryCompileExec2540778894.dir/CMakeCXXCompilerABI.cpp.o  -o cmTryCompileExec2540778894 -rdynamic  
Using built-in specs.
COLLECT_GCC=/usr/bin/g++
COLLECT_LTO_WRAPPER=/usr/libexec/gcc/arm-poky-linux-gnueabi/4.7.2/lto-wrapper
Target: arm-poky-linux-gnueabi
Configured with: /home/kartikmohta/poky/build/tmp/work-shared/gcc-4.7.2-r13/gcc-4.7.2/configure --build=x86_64-linux --host=arm-poky-linux-gnueabi --target=arm-poky-linux-gnueabi --prefix=/usr --exec_prefix=/usr --bindir=/usr/bin --sbindir=/usr/sbin --libexecdir=/usr/libexec --datadir=/usr/share --sysconfdir=/etc --sharedstatedir=/com --localstatedir=/var --libdir=/usr/lib --includedir=/usr/include --oldincludedir=/usr/include --infodir=/usr/share/info --mandir=/usr/share/man --disable-silent-rules --disable-dependency-tracking --with-libtool-sysroot=/home/kartikmohta/poky/build/tmp/sysroots/omap3-multi --with-gnu-ld --enable-shared --enable-languages=c,c++,fortran --enable-threads=posix --disable-multilib --enable-c99 --enable-long-long --enable-symvers=gnu --enable-libstdcxx-pch --program-prefix=arm-poky-linux-gnueabi- --without-local-prefix --enable-target-optspace --enable-lto --enable-libssp --disable-bootstrap --disable-libgomp --disable-libmudflap --with-system-zlib --with-linker-hash-style=gnu --with-ppl=no --with-cloog=no --enable-checking=release --enable-cheaders=c_global --with-sysroot=/ --with-build-sysroot=/home/kartikmohta/poky/build/tmp/sysroots/omap3-multi --with-native-system-header-dir=/home/kartikmohta/poky/build/tmp/sysroots/omap3-multi/usr/include --with-gxx-include-dir=/usr/include/c++/ --enable-nls
Thread model: posix
gcc version 4.7.2 (GCC) 
COMPILER_PATH=/usr/libexec/gcc/arm-poky-linux-gnueabi/4.7.2/:/usr/libexec/gcc/arm-poky-linux-gnueabi/4.7.2/:/usr/libexec/gcc/arm-poky-linux-gnueabi/:/usr/lib/gcc/arm-poky-linux-gnueabi/4.7.2/:/usr/lib/gcc/arm-poky-linux-gnueabi/:/usr/lib/gcc/arm-poky-linux-gnueabi/4.7.2/../../../../arm-poky-linux-gnueabi/bin/
LIBRARY_PATH=/usr/lib/gcc/arm-poky-linux-gnueabi/4.7.2/:/usr/lib/gcc/arm-poky-linux-gnueabi/4.7.2/../../../arm-poky-linux-gnueabi/4.7.2/:/usr/lib/gcc/arm-poky-linux-gnueabi/4.7.2/../../../:/lib/:/usr/lib/arm-poky-linux-gnueabi/4.7.2/:/usr/lib/
COLLECT_GCC_OPTIONS='-march=armv7-a' '-mcpu=cortex-a8' '-mfpu=neon' '-v' '-o' 'cmTryCompileExec2540778894' '-rdynamic' '-shared-libgcc' '-mtls-dialect=gnu'
 /usr/libexec/gcc/arm-poky-linux-gnueabi/4.7.2/collect2 --sysroot=/ --eh-frame-hdr --hash-style=gnu -export-dynamic -dynamic-linker /lib/ld-linux.so.3 -X -m armelf_linux_eabi -o cmTryCompileExec2540778894 /usr/lib/gcc/arm-poky-linux-gnueabi/4.7.2/../../../crt1.o /usr/lib/gcc/arm-poky-linux-gnueabi/4.7.2/../../../crti.o /usr/lib/gcc/arm-poky-linux-gnueabi/4.7.2/../../../arm-poky-linux-gnueabi/4.7.2/crtbegin.o -L/usr/lib/gcc/arm-poky-linux-gnueabi/4.7.2 -L/usr/lib/gcc/arm-poky-linux-gnueabi/4.7.2/../../../arm-poky-linux-gnueabi/4.7.2 -L/usr/lib/gcc/arm-poky-linux-gnueabi/4.7.2/../../.. -L/usr/lib/arm-poky-linux-gnueabi/4.7.2 -O1 --hash-style=gnu --as-needed CMakeFiles/cmTryCompileExec2540778894.dir/CMakeCXXCompilerABI.cpp.o -lstdc++ -lm -lgcc_s -lgcc -lc -lgcc_s -lgcc /usr/lib/gcc/arm-poky-linux-gnueabi/4.7.2/../../../arm-poky-linux-gnueabi/4.7.2/crtend.o /usr/lib/gcc/arm-poky-linux-gnueabi/4.7.2/../../../crtn.o
make[2]: Leaving directory `/home/root/ros/sonar/build/CMakeFiles/CMakeTmp'
make[1]: Leaving directory `/home/root/ros/sonar/build/CMakeFiles/CMakeTmp'


Parsed CXX implicit link information from above output:
  link line regex: [^( *|.*[/\])(ld|ld|collect2)[^/\]*( |$)]
  ignore line: [Change Dir: /home/root/ros/sonar/build/CMakeFiles/CMakeTmp]
  ignore line: []
  ignore line: [Run Build Command:/usr/bin/make "cmTryCompileExec2540778894/fast"]
  ignore line: [make[1]: Entering directory `/home/root/ros/sonar/build/CMakeFiles/CMakeTmp']
  ignore line: [/usr/bin/make -f CMakeFiles/cmTryCompileExec2540778894.dir/build.make CMakeFiles/cmTryCompileExec2540778894.dir/build]
  ignore line: [make[2]: Entering directory `/home/root/ros/sonar/build/CMakeFiles/CMakeTmp']
  ignore line: [/usr/bin/cmake -E cmake_progress_report /home/root/ros/sonar/build/CMakeFiles/CMakeTmp/CMakeFiles 1]
  ignore line: [Building CXX object CMakeFiles/cmTryCompileExec2540778894.dir/CMakeCXXCompilerABI.cpp.o]
  ignore line: [/usr/bin/g++  -march=armv7-a -mcpu=cortex-a8 -mfpu=neon -Wl,-O1 -Wl,--hash-style=gnu -Wl,--as-needed    -o CMakeFiles/cmTryCompileExec2540778894.dir/CMakeCXXCompilerABI.cpp.o -c /usr/share/cmake-2.8/Modules/CMakeCXXCompilerABI.cpp]
  ignore line: [Linking CXX executable cmTryCompileExec2540778894]
  ignore line: [/usr/bin/cmake -E cmake_link_script CMakeFiles/cmTryCompileExec2540778894.dir/link.txt --verbose=1]
  ignore line: [/usr/bin/g++  -march=armv7-a -mcpu=cortex-a8 -mfpu=neon -Wl,-O1 -Wl,--hash-style=gnu -Wl,--as-needed       -v CMakeFiles/cmTryCompileExec2540778894.dir/CMakeCXXCompilerABI.cpp.o  -o cmTryCompileExec2540778894 -rdynamic  ]
  ignore line: [Using built-in specs.]
  ignore line: [COLLECT_GCC=/usr/bin/g++]
  ignore line: [COLLECT_LTO_WRAPPER=/usr/libexec/gcc/arm-poky-linux-gnueabi/4.7.2/lto-wrapper]
  ignore line: [Target: arm-poky-linux-gnueabi]
  ignore line: [Configured with: /home/kartikmohta/poky/build/tmp/work-shared/gcc-4.7.2-r13/gcc-4.7.2/configure --build=x86_64-linux --host=arm-poky-linux-gnueabi --target=arm-poky-linux-gnueabi --prefix=/usr --exec_prefix=/usr --bindir=/usr/bin --sbindir=/usr/sbin --libexecdir=/usr/libexec --datadir=/usr/share --sysconfdir=/etc --sharedstatedir=/com --localstatedir=/var --libdir=/usr/lib --includedir=/usr/include --oldincludedir=/usr/include --infodir=/usr/share/info --mandir=/usr/share/man --disable-silent-rules --disable-dependency-tracking --with-libtool-sysroot=/home/kartikmohta/poky/build/tmp/sysroots/omap3-multi --with-gnu-ld --enable-shared --enable-languages=c,c++,fortran --enable-threads=posix --disable-multilib --enable-c99 --enable-long-long --enable-symvers=gnu --enable-libstdcxx-pch --program-prefix=arm-poky-linux-gnueabi- --without-local-prefix --enable-target-optspace --enable-lto --enable-libssp --disable-bootstrap --disable-libgomp --disable-libmudflap --with-system-zlib --with-linker-hash-style=gnu --with-ppl=no --with-cloog=no --enable-checking=release --enable-cheaders=c_global --with-sysroot=/ --with-build-sysroot=/home/kartikmohta/poky/build/tmp/sysroots/omap3-multi --with-native-system-header-dir=/home/kartikmohta/poky/build/tmp/sysroots/omap3-multi/usr/include --with-gxx-include-dir=/usr/include/c++/ --enable-nls]
  ignore line: [Thread model: posix]
  ignore line: [gcc version 4.7.2 (GCC) ]
  ignore line: [COMPILER_PATH=/usr/libexec/gcc/arm-poky-linux-gnueabi/4.7.2/:/usr/libexec/gcc/arm-poky-linux-gnueabi/4.7.2/:/usr/libexec/gcc/arm-poky-linux-gnueabi/:/usr/lib/gcc/arm-poky-linux-gnueabi/4.7.2/:/usr/lib/gcc/arm-poky-linux-gnueabi/:/usr/lib/gcc/arm-poky-linux-gnueabi/4.7.2/../../../../arm-poky-linux-gnueabi/bin/]
  ignore line: [LIBRARY_PATH=/usr/lib/gcc/arm-poky-linux-gnueabi/4.7.2/:/usr/lib/gcc/arm-poky-linux-gnueabi/4.7.2/../../../arm-poky-linux-gnueabi/4.7.2/:/usr/lib/gcc/arm-poky-linux-gnueabi/4.7.2/../../../:/lib/:/usr/lib/arm-poky-linux-gnueabi/4.7.2/:/usr/lib/]
  ignore line: [COLLECT_GCC_OPTIONS='-march=armv7-a' '-mcpu=cortex-a8' '-mfpu=neon' '-v' '-o' 'cmTryCompileExec2540778894' '-rdynamic' '-shared-libgcc' '-mtls-dialect=gnu']
  link line: [ /usr/libexec/gcc/arm-poky-linux-gnueabi/4.7.2/collect2 --sysroot=/ --eh-frame-hdr --hash-style=gnu -export-dynamic -dynamic-linker /lib/ld-linux.so.3 -X -m armelf_linux_eabi -o cmTryCompileExec2540778894 /usr/lib/gcc/arm-poky-linux-gnueabi/4.7.2/../../../crt1.o /usr/lib/gcc/arm-poky-linux-gnueabi/4.7.2/../../../crti.o /usr/lib/gcc/arm-poky-linux-gnueabi/4.7.2/../../../arm-poky-linux-gnueabi/4.7.2/crtbegin.o -L/usr/lib/gcc/arm-poky-linux-gnueabi/4.7.2 -L/usr/lib/gcc/arm-poky-linux-gnueabi/4.7.2/../../../arm-poky-linux-gnueabi/4.7.2 -L/usr/lib/gcc/arm-poky-linux-gnueabi/4.7.2/../../.. -L/usr/lib/arm-poky-linux-gnueabi/4.7.2 -O1 --hash-style=gnu --as-needed CMakeFiles/cmTryCompileExec2540778894.dir/CMakeCXXCompilerABI.cpp.o -lstdc++ -lm -lgcc_s -lgcc -lc -lgcc_s -lgcc /usr/lib/gcc/arm-poky-linux-gnueabi/4.7.2/../../../arm-poky-linux-gnueabi/4.7.2/crtend.o /usr/lib/gcc/arm-poky-linux-gnueabi/4.7.2/../../../crtn.o]
    arg [/usr/libexec/gcc/arm-poky-linux-gnueabi/4.7.2/collect2] ==> ignore
    arg [--sysroot=/] ==> ignore
    arg [--eh-frame-hdr] ==> ignore
    arg [--hash-style=gnu] ==> ignore
    arg [-export-dynamic] ==> ignore
    arg [-dynamic-linker] ==> ignore
    arg [/lib/ld-linux.so.3] ==> ignore
    arg [-X] ==> ignore
    arg [-m] ==> ignore
    arg [armelf_linux_eabi] ==> ignore
    arg [-o] ==> ignore
    arg [cmTryCompileExec2540778894] ==> ignore
    arg [/usr/lib/gcc/arm-poky-linux-gnueabi/4.7.2/../../../crt1.o] ==> ignore
    arg [/usr/lib/gcc/arm-poky-linux-gnueabi/4.7.2/../../../crti.o] ==> ignore
    arg [/usr/lib/gcc/arm-poky-linux-gnueabi/4.7.2/../../../arm-poky-linux-gnueabi/4.7.2/crtbegin.o] ==> ignore
    arg [-L/usr/lib/gcc/arm-poky-linux-gnueabi/4.7.2] ==> dir [/usr/lib/gcc/arm-poky-linux-gnueabi/4.7.2]
    arg [-L/usr/lib/gcc/arm-poky-linux-gnueabi/4.7.2/../../../arm-poky-linux-gnueabi/4.7.2] ==> dir [/usr/lib/gcc/arm-poky-linux-gnueabi/4.7.2/../../../arm-poky-linux-gnueabi/4.7.2]
    arg [-L/usr/lib/gcc/arm-poky-linux-gnueabi/4.7.2/../../..] ==> dir [/usr/lib/gcc/arm-poky-linux-gnueabi/4.7.2/../../..]
    arg [-L/usr/lib/arm-poky-linux-gnueabi/4.7.2] ==> dir [/usr/lib/arm-poky-linux-gnueabi/4.7.2]
    arg [-O1] ==> ignore
    arg [--hash-style=gnu] ==> ignore
    arg [--as-needed] ==> ignore
    arg [CMakeFiles/cmTryCompileExec2540778894.dir/CMakeCXXCompilerABI.cpp.o] ==> ignore
    arg [-lstdc++] ==> lib [stdc++]
    arg [-lm] ==> lib [m]
    arg [-lgcc_s] ==> lib [gcc_s]
    arg [-lgcc] ==> lib [gcc]
    arg [-lc] ==> lib [c]
    arg [-lgcc_s] ==> lib [gcc_s]
    arg [-lgcc] ==> lib [gcc]
    arg [/usr/lib/gcc/arm-poky-linux-gnueabi/4.7.2/../../../arm-poky-linux-gnueabi/4.7.2/crtend.o] ==> ignore
    arg [/usr/lib/gcc/arm-poky-linux-gnueabi/4.7.2/../../../crtn.o] ==> ignore
  remove lib [gcc_s]
  remove lib [gcc]
  remove lib [gcc_s]
  remove lib [gcc]
  collapse dir [/usr/lib/gcc/arm-poky-linux-gnueabi/4.7.2] ==> [/usr/lib/gcc/arm-poky-linux-gnueabi/4.7.2]
  collapse dir [/usr/lib/gcc/arm-poky-linux-gnueabi/4.7.2/../../../arm-poky-linux-gnueabi/4.7.2] ==> [/usr/lib/arm-poky-linux-gnueabi/4.7.2]
  collapse dir [/usr/lib/gcc/arm-poky-linux-gnueabi/4.7.2/../../..] ==> [/usr/lib]
  collapse dir [/usr/lib/arm-poky-linux-gnueabi/4.7.2] ==> [/usr/lib/arm-poky-linux-gnueabi/4.7.2]
  implicit libs: [stdc++;m;c]
  implicit dirs: [/usr/lib/gcc/arm-poky-linux-gnueabi/4.7.2;/usr/lib/arm-poky-linux-gnueabi/4.7.2;/usr/lib]


